****************************************************************
*......OVERRIDING.HASHCODE().AND.NOT.OVERRIDING.EQUALS().......*
****************************************************************
..************************************************************..
..*...............NO.TRUE.REFERENCE.PARAMETERS...............*..
..************************************************************..
....********************************************************....
....*............ArrayIndexOutOfBoundsException............*....
....********************************************************....
......****************************************************......
......*........THE.GREAT.PRIMITIVE-OBJECT.SCHISM.........*......
......****************************************************......
........************************************************........
........*..OVERLOADING.INSTEAD.OF.OVERRIDING.EQUALS()..*........
........************************************************........
..........********************************************..........
..........*..LENGTH()..LENGTH.OR..SIZE().WOE.IS.US...*..........
..........********************************************..........
............****************************************............
............*..==.AND..EQUALS()-TEARS.UNNUMBERED...*............
............****************************************............
..............************************************..............
..............*...NullPointerException.OF.DOOM...*..............
..............************************************..............
................********************************................
................*......ClassCastException......*................
................********************************................
