1
SNAP
CRACKLE
SNAP
POP
SNAPCRACKLE
7
SNAP
CRACKLE
SNAPPOP
11
SNAPCRACKLE
13
SNAP
CRACKLEPOP
SNAP
17
SNAPCRACKLE
19
SNAPPOP
CRACKLE
SNAP
23
SNAPCRACKLE
POP
SNAP
CRACKLE
SNAP
29
SNAPCRACKLEPOP
31
SNAP
CRACKLE
SNAP
POP
SNAPCRACKLE
37
SNAP
CRACKLE
SNAPPOP
41
SNAPCRACKLE
43
SNAP
CRACKLEPOP
SNAP
47
SNAPCRACKLE
49
SNAPPOP
CRACKLE
SNAP
53
SNAPCRACKLE
POP
SNAP
CRACKLE
SNAP
59
SNAPCRACKLEPOP
61
SNAP
CRACKLE
SNAP
POP
SNAPCRACKLE
67
SNAP
CRACKLE
SNAPPOP
71
SNAPCRACKLE
73
SNAP
CRACKLEPOP
SNAP
77
SNAPCRACKLE
79
SNAPPOP
CRACKLE
SNAP
83
SNAPCRACKLE
POP
SNAP
CRACKLE
SNAP
89
SNAPCRACKLEPOP
91
SNAP
CRACKLE
SNAP
POP
SNAPCRACKLE
97
SNAP
CRACKLE
SNAPPOP
