     xxxxxx
    x      x
   x        x
  x          x
 x            x
x              x
x              x
x              x
x              x
x              x
x              x
 x            x
  x          x
   x        x
    x      x
     xxxxxx

      xxxxxxx
     x       x
    x         x
   x           x
  x             x
 x               x
x                 x
x                 x
x                 x
x                 x
x                 x
x                 x
x                 x
 x               x
  x             x
   x           x
    x         x
     x       x
      xxxxxxx

