-5 15 12 45 14 -3 8 
-5 -3 12 45 14 15 8 
-5 -3 8 45 14 15 12 
-5 -3 8 12 14 15 45 
-5 -3 8 12 14 15 45 
-5 -3 8 12 14 15 45 

-23 12 43 56 43 -1 -5 
-23 -5 43 56 43 -1 12 
-23 -5 -1 56 43 43 12 
-23 -5 -1 12 43 43 56 
-23 -5 -1 12 43 43 56 
-23 -5 -1 12 43 43 56 

-4 -2 8 0 17 3 6 9 2 -2 
-4 -2 8 0 17 3 6 9 2 -2 
-4 -2 -2 0 17 3 6 9 2 8 
-4 -2 -2 0 17 3 6 9 2 8 
-4 -2 -2 0 2 3 6 9 17 8 
-4 -2 -2 0 2 3 6 9 17 8 
-4 -2 -2 0 2 3 6 9 17 8 
-4 -2 -2 0 2 3 6 8 17 9 
-4 -2 -2 0 2 3 6 8 9 17 

1 7 6 5 4 3 2 8 
1 2 6 5 4 3 7 8 
1 2 3 5 4 6 7 8 
1 2 3 4 5 6 7 8 
1 2 3 4 5 6 7 8 
1 2 3 4 5 6 7 8 
1 2 3 4 5 6 7 8 

1 2 3 4 5 6 7 8 
1 2 3 4 5 6 7 8 
1 2 3 4 5 6 7 8 
1 2 3 4 5 6 7 8 
1 2 3 4 5 6 7 8 
1 2 3 4 5 6 7 8 
1 2 3 4 5 6 7 8 

0 4 2 5 1 6 8 7 3 
0 1 2 5 4 6 8 7 3 
0 1 2 5 4 6 8 7 3 
0 1 2 3 4 6 8 7 5 
0 1 2 3 4 6 8 7 5 
0 1 2 3 4 5 8 7 6 
0 1 2 3 4 5 6 7 8 
0 1 2 3 4 5 6 7 8 

-3 9 0 12 8 10 
-3 0 9 12 8 10 
-3 0 8 12 9 10 
-3 0 8 9 12 10 
-3 0 8 9 10 12 

