ABEDNIGO 12 8
ABIGAIL 15 10
ABRAHAM 5 6
ADAM 5 14
AHITHOPHEL 2 10
ANDREW 1 16
APOLLOS 10 17
AQUILA 1 4
BALAAM 1 2
BATHSHEBA 10 18
BENJAMIN 2 6
DANIEL 18 7
DEBORAH 9 2
DELILAH 13 16
DORCAS 1 14
ELIJAH 14 12
ELISHA 18 1
ELIZABETH 3 1
ESTHER 18 1
EUNICE 6 3
EVE 16 17
ISAIAH 15 4
ISHMAEL 10 7
JEZEBEL 7 2
JOB 0 0
JOHN 18 8
JOSEPH 7 12
LAZARUS 8 17
LEAH 7 4
LOIS 8 7
MARTHA 8 10
MARY 8 14
MIRIAM 6 10
NAOMI 11 9
NOAH 0 0
OBADIAH 2 5
ONESIMUS 9 11
PENUEL 16 9
PHILEMON 5 5
PHILIP 8 5
PHUT 5 5
PRISCILLA 5 1
RACHEL 17 6
REBEKAH 12 18
REUBEN 14 6
REUEL 16 14
SAMSON 0 0
SAUL 2 18
SILAS 14 18
SIMEON 2 16
SOLOMON 15 11
STEPHEN 14 18
TABITHA 4 11
TIMOTHY 14 3
TITUS 6 15
VASHNI 17 14
ZABDI 11 4
